c:\users\dragonkao730\desktop\dance_cpp\dance\dance\release\vc141.pdb
c:\users\dragonkao730\desktop\dance_cpp\dance\dance\release\script.obj
c:\users\dragonkao730\desktop\dance_cpp\dance\dance\release\music.obj
c:\users\dragonkao730\desktop\dance_cpp\dance\dance\release\main.obj
c:\users\dragonkao730\desktop\dance_cpp\dance\dance\release\dance.obj
c:\users\dragonkao730\desktop\dance_cpp\dance\dance\release\actor.obj
c:\users\dragonkao730\desktop\dance_cpp\vs2017\dance\release\vc141.pdb
c:\users\dragonkao730\desktop\dance_cpp\vs2017\dance\release\script.obj
c:\users\dragonkao730\desktop\dance_cpp\vs2017\dance\release\music.obj
c:\users\dragonkao730\desktop\dance_cpp\vs2017\dance\release\main.obj
c:\users\dragonkao730\desktop\dance_cpp\vs2017\dance\release\dance.obj
c:\users\dragonkao730\desktop\dance_cpp\vs2017\dance\release\actor.obj
c:\users\dragonkao730\desktop\dance_cpp\dance\release\dance.ipdb
c:\users\dragonkao730\desktop\dance_cpp\dance\release\dance.iobj
c:\users\dragonkao730\desktop\dance_cpp\vs2017\release\dance.ipdb
c:\users\dragonkao730\desktop\dance_cpp\vs2017\release\dance.iobj
c:\users\dragonkao730\desktop\dance_cpp\dance\release\dance.exe
c:\users\dragonkao730\desktop\dance_cpp\dance\release\dance.pdb
c:\users\dragonkao730\desktop\dance_cpp\vs2017\release\dance.exe
c:\users\dragonkao730\desktop\dance_cpp\vs2017\release\dance.pdb
c:\users\dragonkao730\desktop\dance_cpp\vs2017\dance\release\dance.tlog\cl.command.1.tlog
c:\users\dragonkao730\desktop\dance_cpp\vs2017\dance\release\dance.tlog\cl.read.1.tlog
c:\users\dragonkao730\desktop\dance_cpp\vs2017\dance\release\dance.tlog\cl.write.1.tlog
c:\users\dragonkao730\desktop\dance_cpp\vs2017\dance\release\dance.tlog\dance.write.1u.tlog
c:\users\dragonkao730\desktop\dance_cpp\vs2017\dance\release\dance.tlog\link.command.1.tlog
c:\users\dragonkao730\desktop\dance_cpp\vs2017\dance\release\dance.tlog\link.read.1.tlog
c:\users\dragonkao730\desktop\dance_cpp\vs2017\dance\release\dance.tlog\link.write.1.tlog
