Build started 2018/4/8 上午 01:50:30.
     1>Project "C:\Users\user\Documents\VR\new\dance_cpp\VS2015\Dance\Dance.vcxproj" on node 2 (Build target(s)).
     1>ClCompile:
         C:\Program Files (x86)\Microsoft Visual Studio 14.0\VC\bin\CL.exe /c /IC:\Users\user\Documents\VR\new\dance_cpp\VS2015\Dance\/freeglut/include /ZI /nologo /W3 /WX- /sdl /Od /Oy- /D WIN32 /D _DEBUG /D _CONSOLE /Gm /EHsc /RTC1 /MDd /GS /fp:precise /Zc:wchar_t /Zc:forScope /Zc:inline /Fo"Debug\\" /Fd"Debug\vc140.pdb" /Gd /TP /analyze- /errorReport:prompt ..\..\..\dance_cpp\actor.cpp
         actor.cpp
     1>c:\users\user\documents\vr\new\dance_cpp\actor.cpp(38): warning C4305: 'argument': truncation from 'double' to 'float'
     1>c:\users\user\documents\vr\new\dance_cpp\actor.cpp(43): warning C4305: 'argument': truncation from 'double' to 'float'
     1>c:\users\user\documents\vr\new\dance_cpp\actor.cpp(49): warning C4305: 'argument': truncation from 'double' to 'float'
     1>c:\users\user\documents\vr\new\dance_cpp\actor.cpp(51): warning C4305: 'argument': truncation from 'double' to 'float'
     1>c:\users\user\documents\vr\new\dance_cpp\actor.cpp(57): warning C4305: 'argument': truncation from 'double' to 'float'
     1>c:\users\user\documents\vr\new\dance_cpp\actor.cpp(62): warning C4305: 'argument': truncation from 'double' to 'float'
     1>c:\users\user\documents\vr\new\dance_cpp\actor.cpp(68): warning C4305: 'argument': truncation from 'double' to 'float'
     1>c:\users\user\documents\vr\new\dance_cpp\actor.cpp(70): warning C4305: 'argument': truncation from 'double' to 'float'
     1>c:\users\user\documents\vr\new\dance_cpp\actor.cpp(120): warning C4305: 'argument': truncation from 'double' to 'float'
     1>c:\users\user\documents\vr\new\dance_cpp\actor.cpp(124): warning C4305: 'argument': truncation from 'double' to 'float'
     1>c:\users\user\documents\vr\new\dance_cpp\actor.cpp(126): warning C4305: 'argument': truncation from 'double' to 'float'
     1>c:\users\user\documents\vr\new\dance_cpp\actor.cpp(129): warning C4305: 'argument': truncation from 'double' to 'float'
     1>c:\users\user\documents\vr\new\dance_cpp\actor.cpp(133): warning C4305: 'argument': truncation from 'double' to 'float'
     1>c:\users\user\documents\vr\new\dance_cpp\actor.cpp(134): warning C4305: 'argument': truncation from 'double' to 'float'
     1>c:\users\user\documents\vr\new\dance_cpp\actor.cpp(139): warning C4305: 'argument': truncation from 'double' to 'float'
     1>c:\users\user\documents\vr\new\dance_cpp\actor.cpp(141): warning C4305: 'argument': truncation from 'double' to 'float'
     1>c:\users\user\documents\vr\new\dance_cpp\actor.cpp(146): warning C4305: 'argument': truncation from 'double' to 'float'
     1>c:\users\user\documents\vr\new\dance_cpp\actor.cpp(148): warning C4305: 'argument': truncation from 'double' to 'float'
     1>c:\users\user\documents\vr\new\dance_cpp\actor.cpp(152): warning C4305: 'argument': truncation from 'double' to 'float'
     1>c:\users\user\documents\vr\new\dance_cpp\actor.cpp(154): warning C4305: 'argument': truncation from 'double' to 'float'
     1>c:\users\user\documents\vr\new\dance_cpp\actor.cpp(158): warning C4305: 'argument': truncation from 'double' to 'float'
     1>c:\users\user\documents\vr\new\dance_cpp\actor.cpp(160): warning C4305: 'argument': truncation from 'double' to 'float'
     1>c:\users\user\documents\vr\new\dance_cpp\actor.cpp(165): warning C4305: 'argument': truncation from 'double' to 'float'
     1>c:\users\user\documents\vr\new\dance_cpp\actor.cpp(167): warning C4305: 'argument': truncation from 'double' to 'float'
     1>c:\users\user\documents\vr\new\dance_cpp\actor.cpp(171): warning C4305: 'argument': truncation from 'double' to 'float'
     1>c:\users\user\documents\vr\new\dance_cpp\actor.cpp(173): warning C4305: 'argument': truncation from 'double' to 'float'
     1>c:\users\user\documents\vr\new\dance_cpp\actor.cpp(177): warning C4305: 'argument': truncation from 'double' to 'float'
     1>c:\users\user\documents\vr\new\dance_cpp\actor.cpp(178): warning C4305: 'argument': truncation from 'double' to 'float'
     1>c:\users\user\documents\vr\new\dance_cpp\actor.cpp(179): warning C4305: 'argument': truncation from 'double' to 'float'
     1>c:\users\user\documents\vr\new\dance_cpp\actor.cpp(184): warning C4305: 'argument': truncation from 'double' to 'float'
     1>c:\users\user\documents\vr\new\dance_cpp\actor.cpp(185): warning C4305: 'argument': truncation from 'double' to 'float'
     1>c:\users\user\documents\vr\new\dance_cpp\actor.cpp(186): warning C4305: 'argument': truncation from 'double' to 'float'
     1>c:\users\user\documents\vr\new\dance_cpp\actor.cpp(192): warning C4305: 'argument': truncation from 'double' to 'float'
     1>c:\users\user\documents\vr\new\dance_cpp\actor.cpp(198): warning C4305: 'argument': truncation from 'double' to 'float'
     1>c:\users\user\documents\vr\new\dance_cpp\actor.cpp(199): warning C4305: 'argument': truncation from 'double' to 'float'
     1>c:\users\user\documents\vr\new\dance_cpp\actor.cpp(200): warning C4305: 'argument': truncation from 'double' to 'float'
     1>c:\users\user\documents\vr\new\dance_cpp\actor.cpp(205): warning C4305: 'argument': truncation from 'double' to 'float'
     1>c:\users\user\documents\vr\new\dance_cpp\actor.cpp(206): warning C4305: 'argument': truncation from 'double' to 'float'
     1>c:\users\user\documents\vr\new\dance_cpp\actor.cpp(207): warning C4305: 'argument': truncation from 'double' to 'float'
     1>c:\users\user\documents\vr\new\dance_cpp\actor.cpp(213): warning C4305: 'argument': truncation from 'double' to 'float'
     1>c:\users\user\documents\vr\new\dance_cpp\actor.cpp(241): warning C4305: 'argument': truncation from 'double' to 'float'
     1>c:\users\user\documents\vr\new\dance_cpp\actor.cpp(246): warning C4305: 'argument': truncation from 'double' to 'float'
     1>c:\users\user\documents\vr\new\dance_cpp\actor.cpp(252): warning C4305: 'argument': truncation from 'double' to 'float'
     1>c:\users\user\documents\vr\new\dance_cpp\actor.cpp(254): warning C4305: 'argument': truncation from 'double' to 'float'
     1>c:\users\user\documents\vr\new\dance_cpp\actor.cpp(260): warning C4305: 'argument': truncation from 'double' to 'float'
     1>c:\users\user\documents\vr\new\dance_cpp\actor.cpp(265): warning C4305: 'argument': truncation from 'double' to 'float'
     1>c:\users\user\documents\vr\new\dance_cpp\actor.cpp(271): warning C4305: 'argument': truncation from 'double' to 'float'
     1>c:\users\user\documents\vr\new\dance_cpp\actor.cpp(273): warning C4305: 'argument': truncation from 'double' to 'float'
     1>c:\users\user\documents\vr\new\dance_cpp\actor.cpp(474): warning C4244: '=': conversion from 'int' to 'float', possible loss of data
     1>c:\users\user\documents\vr\new\dance_cpp\actor.cpp(495): warning C4244: 'argument': conversion from 'float' to 'const int', possible loss of data
     1>c:\users\user\documents\vr\new\dance_cpp\actor.cpp(511): warning C4244: 'argument': conversion from 'float' to 'int', possible loss of data
     1>c:\users\user\documents\vr\new\dance_cpp\actor.cpp(545): warning C4244: 'argument': conversion from 'float' to 'int', possible loss of data
       Link:
         C:\Program Files (x86)\Microsoft Visual Studio 14.0\VC\bin\link.exe /ERRORREPORT:PROMPT /OUT:"C:\Users\user\Documents\VR\new\dance_cpp\VS2015\Debug\Dance.exe" /INCREMENTAL /NOLOGO /LIBPATH:C:\Users\user\Documents\VR\new\dance_cpp\VS2015\Dance\/freeglut/lib kernel32.lib user32.lib gdi32.lib winspool.lib comdlg32.lib advapi32.lib shell32.lib ole32.lib oleaut32.lib uuid.lib odbc32.lib odbccp32.lib /MANIFEST /MANIFESTUAC:"level='asInvoker' uiAccess='false'" /manifest:embed /Debug /PDB:"C:\Users\user\Documents\VR\new\dance_cpp\VS2015\Debug\Dance.pdb" /SUBSYSTEM:CONSOLE /TLBID:1 /DYNAMICBASE /NXCOMPAT /IMPLIB:"C:\Users\user\Documents\VR\new\dance_cpp\VS2015\Debug\Dance.lib" /MACHINE:X86 Debug\actor.obj
         Debug\dance.obj
         Debug\main.obj
         Debug\music.obj
         Debug\script.obj
         Dance.vcxproj -> C:\Users\user\Documents\VR\new\dance_cpp\VS2015\Debug\Dance.exe
       PostBuildEvent:
         Copy /Y "C:\Users\user\Documents\VR\new\dance_cpp\VS2015\Dance\\freeglut\bin\freeglut.dll" "C:\Users\user\Documents\VR\new\dance_cpp\VS2015\Debug\"
         :VCEnd
         複製了         1 個檔案。
     1>Done Building Project "C:\Users\user\Documents\VR\new\dance_cpp\VS2015\Dance\Dance.vcxproj" (Build target(s)).

Build succeeded.

Time Elapsed 00:00:01.04
