c:\users\dragonkao730\desktop\dance\dance\dance\debug\vc140.pdb
c:\users\dragonkao730\desktop\dance\vs2015\dance\debug\vc140.pdb
c:\users\dragonkao730\desktop\dance\vs2015\dance\debug\vc140.idb
c:\users\dragonkao730\desktop\dance\vs2015\dance\debug\actor.obj
c:\users\dragonkao730\desktop\dance\vs2015\dance\debug\dance.obj
c:\users\dragonkao730\desktop\dance\vs2015\dance\debug\main.obj
c:\users\dragonkao730\desktop\dance\vs2015\dance\debug\music.obj
c:\users\dragonkao730\desktop\dance\vs2015\dance\debug\script.obj
c:\users\dragonkao730\desktop\dance\dance\debug\dance.ilk
c:\users\dragonkao730\desktop\dance\dance\debug\dance.exe
c:\users\dragonkao730\desktop\dance\dance\debug\dance.pdb
c:\users\dragonkao730\desktop\dance\vs2015\debug\dance.ilk
c:\users\dragonkao730\desktop\dance\vs2015\debug\dance.exe
c:\users\dragonkao730\desktop\dance\vs2015\debug\dance.pdb
c:\users\dragonkao730\desktop\dance\vs2015\dance\debug\dance.tlog\cl.command.1.tlog
c:\users\dragonkao730\desktop\dance\vs2015\dance\debug\dance.tlog\cl.read.1.tlog
c:\users\dragonkao730\desktop\dance\vs2015\dance\debug\dance.tlog\cl.write.1.tlog
c:\users\dragonkao730\desktop\dance\vs2015\dance\debug\dance.tlog\link.command.1.tlog
c:\users\dragonkao730\desktop\dance\vs2015\dance\debug\dance.tlog\link.read.1.tlog
c:\users\dragonkao730\desktop\dance\vs2015\dance\debug\dance.tlog\link.write.1.tlog
