c:\users\dragonkao730\desktop\dance_cpp\dance\dance\debug\vc141.pdb
c:\users\dragonkao730\desktop\dance_cpp\vs2017\dance\debug\vc141.pdb
c:\users\dragonkao730\desktop\dance_cpp\vs2017\dance\debug\vc141.idb
c:\users\dragonkao730\desktop\dance_cpp\vs2017\dance\debug\actor.obj
c:\users\dragonkao730\desktop\dance_cpp\vs2017\dance\debug\dance.obj
c:\users\dragonkao730\desktop\dance_cpp\vs2017\dance\debug\main.obj
c:\users\dragonkao730\desktop\dance_cpp\vs2017\dance\debug\music.obj
c:\users\dragonkao730\desktop\dance_cpp\vs2017\dance\debug\script.obj
c:\users\dragonkao730\desktop\dance_cpp\dance\debug\dance.ilk
c:\users\dragonkao730\desktop\dance_cpp\dance\debug\dance.exe
c:\users\dragonkao730\desktop\dance_cpp\dance\debug\dance.pdb
c:\users\dragonkao730\desktop\dance_cpp\vs2017\debug\dance.ilk
c:\users\dragonkao730\desktop\dance_cpp\vs2017\debug\dance.exe
c:\users\dragonkao730\desktop\dance_cpp\vs2017\debug\dance.pdb
c:\users\dragonkao730\desktop\dance_cpp\vs2017\dance\debug\dance.tlog\cl.command.1.tlog
c:\users\dragonkao730\desktop\dance_cpp\vs2017\dance\debug\dance.tlog\cl.read.1.tlog
c:\users\dragonkao730\desktop\dance_cpp\vs2017\dance\debug\dance.tlog\cl.write.1.tlog
c:\users\dragonkao730\desktop\dance_cpp\vs2017\dance\debug\dance.tlog\link.command.1.tlog
c:\users\dragonkao730\desktop\dance_cpp\vs2017\dance\debug\dance.tlog\link.read.1.tlog
c:\users\dragonkao730\desktop\dance_cpp\vs2017\dance\debug\dance.tlog\link.write.1.tlog
